d:\uni\year 2\simulated worlds\final\box2d\libs\win32\debug\directxtk.pch
d:\uni\year 2\simulated worlds\final\box2d\libs\win32\debug\directxtk.pdb
d:\uni\year 2\simulated worlds\final\box2d\libs\win32\debug\directxtk.idb
d:\uni\year 2\simulated worlds\final\box2d\libs\win32\debug\pch.obj
d:\uni\year 2\simulated worlds\final\box2d\libs\win32\debug\binaryreader.obj
d:\uni\year 2\simulated worlds\final\box2d\libs\win32\debug\effectcommon.obj
d:\uni\year 2\simulated worlds\final\box2d\libs\win32\debug\effectfactory.obj
d:\uni\year 2\simulated worlds\final\box2d\libs\win32\debug\environmentmapeffect.obj
d:\uni\year 2\simulated worlds\final\box2d\libs\win32\debug\gamepad.obj
d:\uni\year 2\simulated worlds\final\box2d\libs\win32\debug\geometricprimitive.obj
d:\uni\year 2\simulated worlds\final\box2d\libs\win32\debug\keyboard.obj
d:\uni\year 2\simulated worlds\final\box2d\libs\win32\debug\model.obj
d:\uni\year 2\simulated worlds\final\box2d\libs\win32\debug\modelloadcmo.obj
d:\uni\year 2\simulated worlds\final\box2d\libs\win32\debug\modelloadsdkmesh.obj
d:\uni\year 2\simulated worlds\final\box2d\libs\win32\debug\modelloadvbo.obj
d:\uni\year 2\simulated worlds\final\box2d\libs\win32\debug\mouse.obj
d:\uni\year 2\simulated worlds\final\box2d\libs\win32\debug\screengrab.obj
d:\uni\year 2\simulated worlds\final\box2d\libs\win32\debug\simplemath.obj
d:\uni\year 2\simulated worlds\final\box2d\libs\win32\debug\skinnedeffect.obj
d:\uni\year 2\simulated worlds\final\box2d\libs\win32\debug\spritebatch.obj
d:\uni\year 2\simulated worlds\final\box2d\libs\win32\debug\primitivebatch.obj
d:\uni\year 2\simulated worlds\final\box2d\libs\win32\debug\spritefont.obj
d:\uni\year 2\simulated worlds\final\box2d\libs\win32\debug\vertextypes.obj
d:\uni\year 2\simulated worlds\final\box2d\libs\win32\debug\wictextureloader.obj
d:\uni\year 2\simulated worlds\final\box2d\libs\win32\debug\alphatesteffect.obj
d:\uni\year 2\simulated worlds\final\box2d\libs\win32\debug\basiceffect.obj
d:\uni\year 2\simulated worlds\final\box2d\libs\win32\debug\commonstates.obj
d:\uni\year 2\simulated worlds\final\box2d\libs\win32\debug\ddstextureloader.obj
d:\uni\year 2\simulated worlds\final\box2d\libs\win32\debug\dgsleffect.obj
d:\uni\year 2\simulated worlds\final\box2d\libs\win32\debug\dgsleffectfactory.obj
d:\uni\year 2\simulated worlds\final\box2d\libs\win32\debug\dualtextureeffect.obj
d:\uni\year 3\ctp\solutions\30-01-17\box2d\libs\win32\debug\directxtk.pdb
d:\uni\year 3\ctp\solutions\15-02-17\box2d\libs\win32\debug\directxtk.pch
d:\uni\year 3\ctp\solutions\15-02-17\box2d\libs\win32\debug\directxtk.pdb
d:\uni\year 3\ctp\solutions\15-02-17\box2d\libs\win32\debug\directxtk.idb
d:\uni\year 3\ctp\solutions\15-02-17\box2d\libs\win32\debug\pch.obj
d:\uni\year 3\ctp\solutions\15-02-17\box2d\libs\win32\debug\binaryreader.obj
d:\uni\year 3\ctp\solutions\15-02-17\box2d\libs\win32\debug\effectcommon.obj
d:\uni\year 3\ctp\solutions\15-02-17\box2d\libs\win32\debug\effectfactory.obj
d:\uni\year 3\ctp\solutions\15-02-17\box2d\libs\win32\debug\environmentmapeffect.obj
d:\uni\year 3\ctp\solutions\15-02-17\box2d\libs\win32\debug\gamepad.obj
d:\uni\year 3\ctp\solutions\15-02-17\box2d\libs\win32\debug\geometricprimitive.obj
d:\uni\year 3\ctp\solutions\15-02-17\box2d\libs\win32\debug\keyboard.obj
d:\uni\year 3\ctp\solutions\15-02-17\box2d\libs\win32\debug\model.obj
d:\uni\year 3\ctp\solutions\15-02-17\box2d\libs\win32\debug\modelloadcmo.obj
d:\uni\year 3\ctp\solutions\15-02-17\box2d\libs\win32\debug\modelloadsdkmesh.obj
d:\uni\year 3\ctp\solutions\15-02-17\box2d\libs\win32\debug\modelloadvbo.obj
d:\uni\year 3\ctp\solutions\15-02-17\box2d\libs\win32\debug\mouse.obj
d:\uni\year 3\ctp\solutions\15-02-17\box2d\libs\win32\debug\screengrab.obj
d:\uni\year 3\ctp\solutions\15-02-17\box2d\libs\win32\debug\simplemath.obj
d:\uni\year 3\ctp\solutions\15-02-17\box2d\libs\win32\debug\skinnedeffect.obj
d:\uni\year 3\ctp\solutions\15-02-17\box2d\libs\win32\debug\spritebatch.obj
d:\uni\year 3\ctp\solutions\15-02-17\box2d\libs\win32\debug\primitivebatch.obj
d:\uni\year 3\ctp\solutions\15-02-17\box2d\libs\win32\debug\spritefont.obj
d:\uni\year 3\ctp\solutions\15-02-17\box2d\libs\win32\debug\vertextypes.obj
d:\uni\year 3\ctp\solutions\15-02-17\box2d\libs\win32\debug\wictextureloader.obj
d:\uni\year 3\ctp\solutions\15-02-17\box2d\libs\win32\debug\alphatesteffect.obj
d:\uni\year 3\ctp\solutions\15-02-17\box2d\libs\win32\debug\basiceffect.obj
d:\uni\year 3\ctp\solutions\15-02-17\box2d\libs\win32\debug\commonstates.obj
d:\uni\year 3\ctp\solutions\15-02-17\box2d\libs\win32\debug\ddstextureloader.obj
d:\uni\year 3\ctp\solutions\15-02-17\box2d\libs\win32\debug\dgsleffect.obj
d:\uni\year 3\ctp\solutions\15-02-17\box2d\libs\win32\debug\dgsleffectfactory.obj
d:\uni\year 3\ctp\solutions\15-02-17\box2d\libs\win32\debug\dualtextureeffect.obj
d:\uni\year 3\ctp\solutions\15-02-17 - copy\box2d\libs\win32\debug\directxtk.pdb
d:\uni\year 3\ctp\solutions\01-04-17\box2d\libs\win32\debug\directxtk.pch
d:\uni\year 3\ctp\solutions\01-04-17\box2d\libs\win32\debug\directxtk.pdb
d:\uni\year 3\ctp\solutions\01-04-17\box2d\libs\win32\debug\directxtk.idb
d:\uni\year 3\ctp\solutions\01-04-17\box2d\libs\win32\debug\pch.obj
d:\uni\year 3\ctp\solutions\01-04-17\box2d\libs\win32\debug\binaryreader.obj
d:\uni\year 3\ctp\solutions\01-04-17\box2d\libs\win32\debug\effectcommon.obj
d:\uni\year 3\ctp\solutions\01-04-17\box2d\libs\win32\debug\effectfactory.obj
d:\uni\year 3\ctp\solutions\01-04-17\box2d\libs\win32\debug\environmentmapeffect.obj
d:\uni\year 3\ctp\solutions\01-04-17\box2d\libs\win32\debug\gamepad.obj
d:\uni\year 3\ctp\solutions\01-04-17\box2d\libs\win32\debug\geometricprimitive.obj
d:\uni\year 3\ctp\solutions\01-04-17\box2d\libs\win32\debug\keyboard.obj
d:\uni\year 3\ctp\solutions\01-04-17\box2d\libs\win32\debug\model.obj
d:\uni\year 3\ctp\solutions\01-04-17\box2d\libs\win32\debug\modelloadcmo.obj
d:\uni\year 3\ctp\solutions\01-04-17\box2d\libs\win32\debug\modelloadsdkmesh.obj
d:\uni\year 3\ctp\solutions\01-04-17\box2d\libs\win32\debug\modelloadvbo.obj
d:\uni\year 3\ctp\solutions\01-04-17\box2d\libs\win32\debug\mouse.obj
d:\uni\year 3\ctp\solutions\01-04-17\box2d\libs\win32\debug\screengrab.obj
d:\uni\year 3\ctp\solutions\01-04-17\box2d\libs\win32\debug\simplemath.obj
d:\uni\year 3\ctp\solutions\01-04-17\box2d\libs\win32\debug\skinnedeffect.obj
d:\uni\year 3\ctp\solutions\01-04-17\box2d\libs\win32\debug\spritebatch.obj
d:\uni\year 3\ctp\solutions\01-04-17\box2d\libs\win32\debug\primitivebatch.obj
d:\uni\year 3\ctp\solutions\01-04-17\box2d\libs\win32\debug\spritefont.obj
d:\uni\year 3\ctp\solutions\01-04-17\box2d\libs\win32\debug\vertextypes.obj
d:\uni\year 3\ctp\solutions\01-04-17\box2d\libs\win32\debug\wictextureloader.obj
d:\uni\year 3\ctp\solutions\01-04-17\box2d\libs\win32\debug\alphatesteffect.obj
d:\uni\year 3\ctp\solutions\01-04-17\box2d\libs\win32\debug\basiceffect.obj
d:\uni\year 3\ctp\solutions\01-04-17\box2d\libs\win32\debug\commonstates.obj
d:\uni\year 3\ctp\solutions\01-04-17\box2d\libs\win32\debug\ddstextureloader.obj
d:\uni\year 3\ctp\solutions\01-04-17\box2d\libs\win32\debug\dgsleffect.obj
d:\uni\year 3\ctp\solutions\01-04-17\box2d\libs\win32\debug\dgsleffectfactory.obj
d:\uni\year 3\ctp\solutions\01-04-17\box2d\libs\win32\debug\dualtextureeffect.obj
d:\uni\year 2\simulated worlds\final\box2d\libs\win32\debug\directxtk.lib
d:\uni\year 3\ctp\solutions\30-01-17\box2d\libs\win32\debug\directxtk.lib
d:\uni\year 3\ctp\solutions\15-02-17\box2d\libs\win32\debug\directxtk.lib
d:\uni\year 3\ctp\solutions\15-02-17 - copy\box2d\libs\win32\debug\directxtk.lib
d:\uni\year 3\ctp\solutions\01-04-17\box2d\libs\win32\debug\directxtk.lib
d:\uni\year 3\ctp\solutions\01-04-17\box2d\libs\win32\debug\box2d.idb
d:\uni\year 3\ctp\solutions\01-04-17\box2d\libs\win32\debug\box2d.pdb
d:\uni\year 3\ctp\solutions\01-04-17\box2d\libs\win32\debug\directxt.e0b52ae7.tlog\cl.command.1.tlog
d:\uni\year 3\ctp\solutions\01-04-17\box2d\libs\win32\debug\directxt.e0b52ae7.tlog\cl.read.1.tlog
d:\uni\year 3\ctp\solutions\01-04-17\box2d\libs\win32\debug\directxt.e0b52ae7.tlog\cl.write.1.tlog
d:\uni\year 3\ctp\solutions\01-04-17\box2d\libs\win32\debug\directxt.e0b52ae7.tlog\lib-link.read.1.tlog
d:\uni\year 3\ctp\solutions\01-04-17\box2d\libs\win32\debug\directxt.e0b52ae7.tlog\lib-link.write.1.tlog
d:\uni\year 3\ctp\solutions\01-04-17\box2d\libs\win32\debug\directxt.e0b52ae7.tlog\lib.command.1.tlog
