d:\uni\year 3\ctp\git repo\novintfalconbox2d\box2d\libs\win32\release\directxtk.pch
d:\uni\year 3\ctp\git repo\novintfalconbox2d\box2d\libs\win32\release\directxtk.pdb
d:\uni\year 3\ctp\git repo\novintfalconbox2d\box2d\libs\win32\release\pch.obj
d:\uni\year 3\ctp\git repo\novintfalconbox2d\box2d\libs\win32\release\screengrab.obj
d:\uni\year 3\ctp\git repo\novintfalconbox2d\box2d\libs\win32\release\mouse.obj
d:\uni\year 3\ctp\git repo\novintfalconbox2d\box2d\libs\win32\release\modelloadvbo.obj
d:\uni\year 3\ctp\git repo\novintfalconbox2d\box2d\libs\win32\release\modelloadsdkmesh.obj
d:\uni\year 3\ctp\git repo\novintfalconbox2d\box2d\libs\win32\release\modelloadcmo.obj
d:\uni\year 3\ctp\git repo\novintfalconbox2d\box2d\libs\win32\release\model.obj
d:\uni\year 3\ctp\git repo\novintfalconbox2d\box2d\libs\win32\release\keyboard.obj
d:\uni\year 3\ctp\git repo\novintfalconbox2d\box2d\libs\win32\release\geometricprimitive.obj
d:\uni\year 3\ctp\git repo\novintfalconbox2d\box2d\libs\win32\release\gamepad.obj
d:\uni\year 3\ctp\git repo\novintfalconbox2d\box2d\libs\win32\release\environmentmapeffect.obj
d:\uni\year 3\ctp\git repo\novintfalconbox2d\box2d\libs\win32\release\effectfactory.obj
d:\uni\year 3\ctp\git repo\novintfalconbox2d\box2d\libs\win32\release\effectcommon.obj
d:\uni\year 3\ctp\git repo\novintfalconbox2d\box2d\libs\win32\release\binaryreader.obj
d:\uni\year 3\ctp\git repo\novintfalconbox2d\box2d\libs\win32\release\dualtextureeffect.obj
d:\uni\year 3\ctp\git repo\novintfalconbox2d\box2d\libs\win32\release\dgsleffectfactory.obj
d:\uni\year 3\ctp\git repo\novintfalconbox2d\box2d\libs\win32\release\dgsleffect.obj
d:\uni\year 3\ctp\git repo\novintfalconbox2d\box2d\libs\win32\release\ddstextureloader.obj
d:\uni\year 3\ctp\git repo\novintfalconbox2d\box2d\libs\win32\release\commonstates.obj
d:\uni\year 3\ctp\git repo\novintfalconbox2d\box2d\libs\win32\release\basiceffect.obj
d:\uni\year 3\ctp\git repo\novintfalconbox2d\box2d\libs\win32\release\alphatesteffect.obj
d:\uni\year 3\ctp\git repo\novintfalconbox2d\box2d\libs\win32\release\wictextureloader.obj
d:\uni\year 3\ctp\git repo\novintfalconbox2d\box2d\libs\win32\release\vertextypes.obj
d:\uni\year 3\ctp\git repo\novintfalconbox2d\box2d\libs\win32\release\spritefont.obj
d:\uni\year 3\ctp\git repo\novintfalconbox2d\box2d\libs\win32\release\primitivebatch.obj
d:\uni\year 3\ctp\git repo\novintfalconbox2d\box2d\libs\win32\release\spritebatch.obj
d:\uni\year 3\ctp\git repo\novintfalconbox2d\box2d\libs\win32\release\skinnedeffect.obj
d:\uni\year 3\ctp\git repo\novintfalconbox2d\box2d\libs\win32\release\simplemath.obj
d:\uni\year 3\ctp\git repo\novintfalconbox2d\box2d\libs\win32\release\directxtk.lib
d:\uni\year 3\ctp\git repo\novintfalconbox2d\box2d\libs\win32\release\directxt.e0b52ae7.tlog\cl.command.1.tlog
d:\uni\year 3\ctp\git repo\novintfalconbox2d\box2d\libs\win32\release\directxt.e0b52ae7.tlog\cl.read.1.tlog
d:\uni\year 3\ctp\git repo\novintfalconbox2d\box2d\libs\win32\release\directxt.e0b52ae7.tlog\cl.write.1.tlog
d:\uni\year 3\ctp\git repo\novintfalconbox2d\box2d\libs\win32\release\directxt.e0b52ae7.tlog\lib-link.read.1.tlog
d:\uni\year 3\ctp\git repo\novintfalconbox2d\box2d\libs\win32\release\directxt.e0b52ae7.tlog\lib-link.write.1.tlog
d:\uni\year 3\ctp\git repo\novintfalconbox2d\box2d\libs\win32\release\directxt.e0b52ae7.tlog\lib.command.1.tlog
